
> nextjs@0.1.0 dev
> next dev

  ▲ Next.js 13.5.1
  - Local:        http://localhost:3000
  - Environments: .env.local

 ✓ Ready in 2.8s
 ○ compiling /page ...
(node:6767) ExperimentalWarning: Type Stripping is an experimental feature and might change at any time
(Use `node --trace-warnings ...` to show where the warning was created)
 ✓ Compiled /page in 3.9s (707 modules)
 ✓ Compiled in 231ms (359 modules)
 ✓ Compiled /analyze/page in 411ms (876 modules)
 ✓ Compiled /analyze/results/page in 890ms (1347 modules)
TypeError [ERR_INVALID_ARG_TYPE]: The "code" argument must be of type number. Received type string ('SIGINT')
    at process.set [as exitCode] (node:internal/bootstrap/node:120:9)
    at process.exit (node:internal/process/per_thread:175:24)
    at process.cleanup (/Users/atharvadhavale/Code/VS Code Files/Web Dev/TraceHost Git/TraceHost/Frontend/node_modules/next/dist/server/lib/start-server.js:208:29)
    at process.emit (node:events:519:35)
    at Signal.callbackTrampoline (node:internal/async_hooks:130:17) {
  code: 'ERR_INVALID_ARG_TYPE'
}
TypeError [ERR_INVALID_ARG_TYPE]: The "code" argument must be of type number. Received type string ('SIGINT')
    at process.set [as exitCode] (node:internal/bootstrap/node:120:9)
    at process.exit (node:internal/process/per_thread:175:24)
    at process.cleanup (/Users/atharvadhavale/Code/VS Code Files/Web Dev/TraceHost Git/TraceHost/Frontend/node_modules/next/dist/server/lib/start-server.js:208:29)
    at process.emit (node:events:519:35)
    at Signal.callbackTrampoline (node:internal/async_hooks:130:17) {
  code: 'ERR_INVALID_ARG_TYPE'
}
[?25h
 X uncaughtException: TypeError [ERR_INVALID_ARG_TYPE]: The "code" argument must be of type number. Received type string ('SIGINT')
    at process.set [as exitCode] (node:internal/bootstrap/node:120:9)
    at process.exit (node:internal/process/per_thread:175:24)
    at process.cleanup (/Users/atharvadhavale/Code/VS Code Files/Web Dev/TraceHost Git/TraceHost/Frontend/node_modules/next/dist/server/lib/start-server.js:208:29)
    at process.emit (node:events:519:35)
    at Signal.callbackTrampoline (node:internal/async_hooks:130:17) {
  code: 'ERR_INVALID_ARG_TYPE'
}
 X uncaughtException: TypeError [ERR_INVALID_ARG_TYPE]: The "code" argument must be of type number. Received type string ('SIGINT')
    at process.set [as exitCode] (node:internal/bootstrap/node:120:9)
    at process.exit (node:internal/process/per_thread:175:24)
    at process.cleanup (/Users/atharvadhavale/Code/VS Code Files/Web Dev/TraceHost Git/TraceHost/Frontend/node_modules/next/dist/server/lib/start-server.js:208:29)
    at process.emit (node:events:519:35)
    at Signal.callbackTrampoline (node:internal/async_hooks:130:17) {
  code: 'ERR_INVALID_ARG_TYPE'
}
TypeError [ERR_INVALID_ARG_TYPE]: The "code" argument must be of type number. Received type string ('SIGINT')
    at process.set [as exitCode] (node:internal/bootstrap/node:120:9)
    at process.exit (node:internal/process/per_thread:175:24)
    at process.cleanup (/Users/atharvadhavale/Code/VS Code Files/Web Dev/TraceHost Git/TraceHost/Frontend/node_modules/next/dist/server/lib/start-server.js:208:29)
    at process.emit (node:events:519:35)
    at Signal.callbackTrampoline (node:internal/async_hooks:130:17) {
  code: 'ERR_INVALID_ARG_TYPE'
}
TypeError [ERR_INVALID_ARG_TYPE]: The "code" argument must be of type number. Received type string ('SIGINT')
    at process.set [as exitCode] (node:internal/bootstrap/node:120:9)
    at process.exit (node:internal/process/per_thread:175:24)
    at process.cleanup (/Users/atharvadhavale/Code/VS Code Files/Web Dev/TraceHost Git/TraceHost/Frontend/node_modules/next/dist/server/lib/start-server.js:208:29)
    at process.emit (node:events:519:35)
    at Signal.callbackTrampoline (node:internal/async_hooks:130:17) {
  code: 'ERR_INVALID_ARG_TYPE'
}
 X uncaughtException: TypeError [ERR_INVALID_ARG_TYPE]: The "code" argument must be of type number. Received type string ('SIGINT')
    at process.set [as exitCode] (node:internal/bootstrap/node:120:9)
    at process.exit (node:internal/process/per_thread:175:24)
    at process.cleanup (/Users/atharvadhavale/Code/VS Code Files/Web Dev/TraceHost Git/TraceHost/Frontend/node_modules/next/dist/server/lib/start-server.js:208:29)
    at process.emit (node:events:519:35)
    at Signal.callbackTrampoline (node:internal/async_hooks:130:17) {
  code: 'ERR_INVALID_ARG_TYPE'
}
 X uncaughtException: TypeError [ERR_INVALID_ARG_TYPE]: The "code" argument must be of type number. Received type string ('SIGINT')
    at process.set [as exitCode] (node:internal/bootstrap/node:120:9)
    at process.exit (node:internal/process/per_thread:175:24)
    at process.cleanup (/Users/atharvadhavale/Code/VS Code Files/Web Dev/TraceHost Git/TraceHost/Frontend/node_modules/next/dist/server/lib/start-server.js:208:29)
    at process.emit (node:events:519:35)
    at Signal.callbackTrampoline (node:internal/async_hooks:130:17) {
  code: 'ERR_INVALID_ARG_TYPE'
}
